{"content": {"suites": {"0": {"status": {"total_pass": 6, "total_skip": 0, "total_xpass": 0, "total_xfail": 0, "total_rerun": 0, "total_fail": 3, "total_error": 0}, "tests": {"0": {"status": "PASS", "message": "", "test_name": "test_signup", "rerun": "0"}, "1": {"status": "PASS", "message": "", "test_name": "test_password_message", "rerun": "0"}, "2": {"status": "FAIL", "message": "   selenium.common.exceptions.ElementClickInterceptedException: Message: element click intercepted: Element <button class=\"btn btn-yes my-3\" disabled=\"\">...</button> is not clickable at point (745, 496). Other element would receive the click: <iframe title=\"reCAPTCHA sorusunun s\u00fcresi iki dakika sonra dolacak\" name=\"c-mzbmrzy77yq1\" frameborder=\"0\" scrolling=\"no\" sandbox=\"allow-forms allow-popups allow-same-origin allow-scripts allow-top-navigation allow-modals allow-popups-to-escape-sandbox allow-storage-access-by-user-activation\" src=\"https://www.google.com/recaptcha/api2/bframe?hl=tr&amp;v=V6_85qpc2Xf2sbe3xTnRte7m&amp;k=6LdXItghAAAAANPUfYw81TI55i6vggSCUVNIawnM\" style=\"width: 347px; height: 558px;\"></iframe>\n     (Session info: chrome=124.0.6367.119)\n   Stacktrace:\n   \tGetHandleVerifier [0x00007FF782331502+60802]\n   \t(No symbol) [0x00007FF7822AAC02]\n   \t(No symbol) [0x00007FF782167CE4]\n   \t(No symbol) [0x00007FF7821BE877]\n   \t(No symbol) [0x00007FF7821BC344]\n   \t(No symbol) [0x00007FF7821B980A]\n   \t(No symbol) [0x00007FF7821B89E2]\n   \t(No symbol) [0x00007FF7821AAE8B]\n   \t(No symbol) [0x00007FF7821DAB7A]\n   \t(No symbol) [0x00007FF7821AA7C6]\n   \t(No symbol) [0x00007FF7821DAD90]\n   \t(No symbol) [0x00007FF7821FA224]\n   \t(No symbol) [0x00007FF7821DA923]\n   \t(No symbol) [0x00007FF7821A8FEC]\n   \t(No symbol) [0x00007FF7821A9C21]\n   \tGetHandleVerifier [0x00007FF78263411D+3217821]\n   \tGetHandleVerifier [0x00007FF7826760B7+3488055]\n   \tGetHandleVerifier [0x00007FF78266F03F+3459263]\n   \tGetHandleVerifier [0x00007FF7823EB846+823494]\n   \t(No symbol) [0x00007FF7822B5F9F]\n   \t(No symbol) [0x00007FF7822B0EC4]\n   \t(No symbol) [0x00007FF7822B1052]\n   \t(No symbol) [0x00007FF7822A18A4]\n   \tBaseThreadInitThunk [0x00007FFDE5E67344+20]\n   \tRtlUserThreadStart [0x00007FFDE5FA26B1+33]\n", "test_name": "test_password_message2", "rerun": "0"}, "3": {"status": "PASS", "message": "", "test_name": "test_invalid_email", "rerun": "0"}, "4": {"status": "FAIL", "message": "   selenium.common.exceptions.ElementClickInterceptedException: Message: element click intercepted: Element <button class=\"btn btn-yes my-3\" disabled=\"\">...</button> is not clickable at point (745, 526). Other element would receive the click: <div role=\"dialog\" aria-modal=\"true\" class=\"fade alert-modal modal show\" tabindex=\"-1\" aria-labelledby=\"contained-modal-title-vcenter\" style=\"z-index: 99999; display: block; padding-right: 10px;\">...</div>\n     (Session info: chrome=124.0.6367.119)\n   Stacktrace:\n   \tGetHandleVerifier [0x00007FF782331502+60802]\n   \t(No symbol) [0x00007FF7822AAC02]\n   \t(No symbol) [0x00007FF782167CE4]\n   \t(No symbol) [0x00007FF7821BE877]\n   \t(No symbol) [0x00007FF7821BC344]\n   \t(No symbol) [0x00007FF7821B980A]\n   \t(No symbol) [0x00007FF7821B89E2]\n   \t(No symbol) [0x00007FF7821AAE8B]\n   \t(No symbol) [0x00007FF7821DAB7A]\n   \t(No symbol) [0x00007FF7821AA7C6]\n   \t(No symbol) [0x00007FF7821DAD90]\n   \t(No symbol) [0x00007FF7821FA224]\n   \t(No symbol) [0x00007FF7821DA923]\n   \t(No symbol) [0x00007FF7821A8FEC]\n   \t(No symbol) [0x00007FF7821A9C21]\n   \tGetHandleVerifier [0x00007FF78263411D+3217821]\n   \tGetHandleVerifier [0x00007FF7826760B7+3488055]\n   \tGetHandleVerifier [0x00007FF78266F03F+3459263]\n   \tGetHandleVerifier [0x00007FF7823EB846+823494]\n   \t(No symbol) [0x00007FF7822B5F9F]\n   \t(No symbol) [0x00007FF7822B0EC4]\n   \t(No symbol) [0x00007FF7822B1052]\n   \t(No symbol) [0x00007FF7822A18A4]\n   \tBaseThreadInitThunk [0x00007FFDE5E67344+20]\n   \tRtlUserThreadStart [0x00007FFDE5FA26B1+33]\n", "test_name": "test_registered_email", "rerun": "0"}, "5": {"status": "PASS", "message": "", "test_name": "test_phone_message", "rerun": "0"}, "6": {"status": "PASS", "message": "", "test_name": "test_phone_message2", "rerun": "0"}, "7": {"status": "FAIL", "message": "   selenium.common.exceptions.ElementClickInterceptedException: Message: element click intercepted: Element <button class=\"btn btn-yes my-3\" disabled=\"\">...</button> is not clickable at point (745, 474). Other element would receive the click: <iframe title=\"reCAPTCHA sorusunun s\u00fcresi iki dakika sonra dolacak\" name=\"c-99787odtdt2t\" frameborder=\"0\" scrolling=\"no\" sandbox=\"allow-forms allow-popups allow-same-origin allow-scripts allow-top-navigation allow-modals allow-popups-to-escape-sandbox allow-storage-access-by-user-activation\" src=\"https://www.google.com/recaptcha/api2/bframe?hl=tr&amp;v=V6_85qpc2Xf2sbe3xTnRte7m&amp;k=6LdXItghAAAAANPUfYw81TI55i6vggSCUVNIawnM\" style=\"width: 347px; height: 527px;\"></iframe>\n     (Session info: chrome=124.0.6367.119)\n   Stacktrace:\n   \tGetHandleVerifier [0x00007FF782331502+60802]\n   \t(No symbol) [0x00007FF7822AAC02]\n   \t(No symbol) [0x00007FF782167CE4]\n   \t(No symbol) [0x00007FF7821BE877]\n   \t(No symbol) [0x00007FF7821BC344]\n   \t(No symbol) [0x00007FF7821B980A]\n   \t(No symbol) [0x00007FF7821B89E2]\n   \t(No symbol) [0x00007FF7821AAE8B]\n   \t(No symbol) [0x00007FF7821DAB7A]\n   \t(No symbol) [0x00007FF7821AA7C6]\n   \t(No symbol) [0x00007FF7821DAD90]\n   \t(No symbol) [0x00007FF7821FA224]\n   \t(No symbol) [0x00007FF7821DA923]\n   \t(No symbol) [0x00007FF7821A8FEC]\n   \t(No symbol) [0x00007FF7821A9C21]\n   \tGetHandleVerifier [0x00007FF78263411D+3217821]\n   \tGetHandleVerifier [0x00007FF7826760B7+3488055]\n   \tGetHandleVerifier [0x00007FF78266F03F+3459263]\n   \tGetHandleVerifier [0x00007FF7823EB846+823494]\n   \t(No symbol) [0x00007FF7822B5F9F]\n   \t(No symbol) [0x00007FF7822B0EC4]\n   \t(No symbol) [0x00007FF7822B1052]\n   \t(No symbol) [0x00007FF7822A18A4]\n   \tBaseThreadInitThunk [0x00007FFDE5E67344+20]\n   \tRtlUserThreadStart [0x00007FFDE5FA26B1+33]\n", "test_name": "test_invalid_name_lastname", "rerun": "0"}, "8": {"status": "PASS", "message": "", "test_name": "test_email_message", "rerun": "0"}}, "suite_name": "test_register.py"}}}, "date": "May 04, 2024", "start_time": 1714849881.2300005, "total_suite": 1, "status": "FAIL", "status_list": {"pass": "6", "fail": "3", "skip": "0", "error": "0", "xpass": "0", "xfail": "0", "rerun": "0"}, "total_tests": "9"}